This is pdfTeX, Version 3.14159265-2.6-1.40.19 (TeX Live 2018) (preloaded format=pdflatex 2018.4.16)  2 MAR 2019 22:30
entering extended mode
 restricted \write18 enabled.
 %&-line parsing enabled.
**object-z-specification.tex
(./object-z-specification.tex
LaTeX2e <2018-04-01> patch level 2
Babel <3.18> and hyphenation patterns for 84 language(s) loaded.
(/usr/local/texlive/2018/texmf-dist/tex/latex/base/article.cls
Document Class: article 2014/09/29 v1.4h Standard LaTeX document class
(/usr/local/texlive/2018/texmf-dist/tex/latex/base/size12.clo
File: size12.clo 2014/09/29 v1.4h Standard LaTeX file (size option)
)
\c@part=\count80
\c@section=\count81
\c@subsection=\count82
\c@subsubsection=\count83
\c@paragraph=\count84
\c@subparagraph=\count85
\c@figure=\count86
\c@table=\count87
\abovecaptionskip=\skip41
\belowcaptionskip=\skip42
\bibindent=\dimen102
)
(/usr/local/texlive/2018/texmf-dist/tex/latex/geometry/geometry.sty
Package: geometry 2018/03/24 v5.7 Page Geometry

(/usr/local/texlive/2018/texmf-dist/tex/latex/graphics/keyval.sty
Package: keyval 2014/10/28 v1.15 key=value parser (DPC)
\KV@toks@=\toks14
)
(/usr/local/texlive/2018/texmf-dist/tex/generic/oberdiek/ifpdf.sty
Package: ifpdf 2017/03/15 v3.2 Provides the ifpdf switch
)
(/usr/local/texlive/2018/texmf-dist/tex/generic/oberdiek/ifvtex.sty
Package: ifvtex 2016/05/16 v1.6 Detect VTeX and its facilities (HO)
Package ifvtex Info: VTeX not detected.
)
(/usr/local/texlive/2018/texmf-dist/tex/generic/ifxetex/ifxetex.sty
Package: ifxetex 2010/09/12 v0.6 Provides ifxetex conditional
)
\Gm@cnth=\count88
\Gm@cntv=\count89
\c@Gm@tempcnt=\count90
\Gm@bindingoffset=\dimen103
\Gm@wd@mp=\dimen104
\Gm@odd@mp=\dimen105
\Gm@even@mp=\dimen106
\Gm@layoutwidth=\dimen107
\Gm@layoutheight=\dimen108
\Gm@layouthoffset=\dimen109
\Gm@layoutvoffset=\dimen110
\Gm@dimlist=\toks15
)
(/usr/local/texlive/2018/texmf-dist/tex/latex/base/alltt.sty
Package: alltt 1997/06/16 v2.0g defines alltt environment
)
(/usr/local/texlive/2018/texmf-dist/tex/latex/tools/array.sty
Package: array 2018/04/07 v2.4g Tabular extension package (FMi)
\col@sep=\dimen111
\ar@mcellbox=\box26
\extrarowheight=\dimen112
\NC@list=\toks16
\extratabsurround=\skip43
\backup@length=\skip44
\ar@cellbox=\box27
)
(/usr/local/texlive/2018/texmf-dist/tex/latex/graphics/graphicx.sty
Package: graphicx 2017/06/01 v1.1a Enhanced LaTeX Graphics (DPC,SPQR)

(/usr/local/texlive/2018/texmf-dist/tex/latex/graphics/graphics.sty
Package: graphics 2017/06/25 v1.2c Standard LaTeX Graphics (DPC,SPQR)

(/usr/local/texlive/2018/texmf-dist/tex/latex/graphics/trig.sty
Package: trig 2016/01/03 v1.10 sin cos tan (DPC)
)
(/usr/local/texlive/2018/texmf-dist/tex/latex/graphics-cfg/graphics.cfg
File: graphics.cfg 2016/06/04 v1.11 sample graphics configuration
)
Package graphics Info: Driver file: pdftex.def on input line 99.

(/usr/local/texlive/2018/texmf-dist/tex/latex/graphics-def/pdftex.def
File: pdftex.def 2018/01/08 v1.0l Graphics/color driver for pdftex
))
\Gin@req@height=\dimen113
\Gin@req@width=\dimen114
)
(/usr/local/texlive/2018/texmf-dist/tex/latex/tools/tabularx.sty
Package: tabularx 2016/02/03 v2.11b `tabularx' package (DPC)
\TX@col@width=\dimen115
\TX@old@table=\dimen116
\TX@old@col=\dimen117
\TX@target=\dimen118
\TX@delta=\dimen119
\TX@cols=\count91
\TX@ftn=\toks17
)
(/usr/local/texlive/2018/texmf-dist/tex/latex/tools/verbatim.sty
Package: verbatim 2014/10/28 v1.5q LaTeX2e package for verbatim enhancements
\every@verbatim=\toks18
\verbatim@line=\toks19
\verbatim@in@stream=\read1
)
(/usr/local/texlive/2018/texmf-dist/tex/latex/setspace/setspace.sty
Package: setspace 2011/12/19 v6.7a set line spacing
)
(/usr/local/texlive/2018/texmf-dist/tex/latex/listings/listings.sty
\lst@mode=\count92
\lst@gtempboxa=\box28
\lst@token=\toks20
\lst@length=\count93
\lst@currlwidth=\dimen120
\lst@column=\count94
\lst@pos=\count95
\lst@lostspace=\dimen121
\lst@width=\dimen122
\lst@newlines=\count96
\lst@lineno=\count97
\lst@maxwidth=\dimen123

(/usr/local/texlive/2018/texmf-dist/tex/latex/listings/lstmisc.sty
File: lstmisc.sty 2015/06/04 1.6 (Carsten Heinz)
\c@lstnumber=\count98
\lst@skipnumbers=\count99
\lst@framebox=\box29
)
(/usr/local/texlive/2018/texmf-dist/tex/latex/listings/listings.cfg
File: listings.cfg 2015/06/04 1.6 listings configuration
))
Package: listings 2015/06/04 1.6 (Carsten Heinz)

(/usr/local/texlive/2018/texmf-dist/tex/latex/amsfonts/amssymb.sty
Package: amssymb 2013/01/14 v3.01 AMS font symbols

(/usr/local/texlive/2018/texmf-dist/tex/latex/amsfonts/amsfonts.sty
Package: amsfonts 2013/01/14 v3.01 Basic AMSFonts support
\@emptytoks=\toks21
\symAMSa=\mathgroup4
\symAMSb=\mathgroup5
LaTeX Font Info:    Overwriting math alphabet `\mathfrak' in version `bold'
(Font)                  U/euf/m/n --> U/euf/b/n on input line 106.
))
(/usr/local/texlive/2018/texmf-dist/tex/latex/amsmath/amsmath.sty
Package: amsmath 2017/09/02 v2.17a AMS math features
\@mathmargin=\skip45

For additional information on amsmath, use the `?' option.
(/usr/local/texlive/2018/texmf-dist/tex/latex/amsmath/amstext.sty
Package: amstext 2000/06/29 v2.01 AMS text

(/usr/local/texlive/2018/texmf-dist/tex/latex/amsmath/amsgen.sty
File: amsgen.sty 1999/11/30 v2.0 generic functions
\@emptytoks=\toks22
\ex@=\dimen124
))
(/usr/local/texlive/2018/texmf-dist/tex/latex/amsmath/amsbsy.sty
Package: amsbsy 1999/11/29 v1.2d Bold Symbols
\pmbraise@=\dimen125
)
(/usr/local/texlive/2018/texmf-dist/tex/latex/amsmath/amsopn.sty
Package: amsopn 2016/03/08 v2.02 operator names
)
\inf@bad=\count100
LaTeX Info: Redefining \frac on input line 213.
\uproot@=\count101
\leftroot@=\count102
LaTeX Info: Redefining \overline on input line 375.
\classnum@=\count103
\DOTSCASE@=\count104
LaTeX Info: Redefining \ldots on input line 472.
LaTeX Info: Redefining \dots on input line 475.
LaTeX Info: Redefining \cdots on input line 596.
\Mathstrutbox@=\box30
\strutbox@=\box31
\big@size=\dimen126
LaTeX Font Info:    Redeclaring font encoding OML on input line 712.
LaTeX Font Info:    Redeclaring font encoding OMS on input line 713.
\macc@depth=\count105
\c@MaxMatrixCols=\count106
\dotsspace@=\muskip10
\c@parentequation=\count107
\dspbrk@lvl=\count108
\tag@help=\toks23
\row@=\count109
\column@=\count110
\maxfields@=\count111
\andhelp@=\toks24
\eqnshift@=\dimen127
\alignsep@=\dimen128
\tagshift@=\dimen129
\tagwidth@=\dimen130
\totwidth@=\dimen131
\lineht@=\dimen132
\@envbody=\toks25
\multlinegap=\skip46
\multlinetaggap=\skip47
\mathdisplay@stack=\toks26
LaTeX Info: Redefining \[ on input line 2817.
LaTeX Info: Redefining \] on input line 2818.
)
(/usr/local/texlive/2018/texmf-dist/tex/latex/amscls/amsthm.sty
Package: amsthm 2017/10/31 v2.20.4
\thm@style=\toks27
\thm@bodyfont=\toks28
\thm@headfont=\toks29
\thm@notefont=\toks30
\thm@headpunct=\toks31
\thm@preskip=\skip48
\thm@postskip=\skip49
\thm@headsep=\skip50
\dth@everypar=\toks32
)
(/usr/local/texlive/2018/texmf-dist/tex/latex/qtree/qtree.sty
Package: 2008/12/12 v.3.1bQtree: tree-drawing for linguistics
Package: qtree 2008/12/12 v.3.1bQtree: tree-drawing for linguistics
(/usr/local/texlive/2018/texmf-dist/tex/latex/pict2e/pict2e.sty
Package: pict2e 2016/02/05 v0.3b Improved picture commands (HjG,RN,JT)

(/usr/local/texlive/2018/texmf-dist/tex/latex/pict2e/pict2e.cfg
File: pict2e.cfg 2016/02/05 v0.1u pict2e configuration for teTeX/TeXLive
)
Package pict2e Info: Driver file: pdftex.def on input line 119.
Package pict2e Info: Driver file for pict2e: p2e-pdftex.def on input line 121.

(/usr/local/texlive/2018/texmf-dist/tex/latex/pict2e/p2e-pdftex.def
File: p2e-pdftex.def 2016/02/05 v0.1u Driver-dependant file (RN,HjG,JT)
)
\pIIe@GRAPH=\toks33
\@arclen=\dimen133
\@arcrad=\dimen134
\@tempdimd=\dimen135
)
\c@treecount=\count112
\c@branchcount=\count113
\parentbox=\box32
\treebox=\box33
\treeboxone=\box34
\treeboxtwo=\box35
\treeboxthree=\box36
\treeboxfour=\box37
\treeboxfive=\box38
\treeboxsix=\box39
\treeboxseven=\box40
\treeboxeight=\box41
\treeboxnine=\box42
\treeboxten=\box43
\treeboxeleven=\box44
\treeboxtwelve=\box45
\treeboxthirteen=\box46
\treeboxfourteen=\box47
\treeboxfifteen=\box48
\treeboxsixteen=\box49
\treeboxseventeen=\box50
\treeboxeighteen=\box51
\treeboxnineteen=\box52
\treeboxtwenty=\box53
\treeoffsetone=\skip51
\treeoffsettwo=\skip52
\treeoffsetthree=\skip53
\treeoffsetfour=\skip54
\treeoffsetfive=\skip55
\treeoffsetsix=\skip56
\treeoffsetseven=\skip57
\treeoffseteight=\skip58
\treeoffsetnine=\skip59
\treeoffsetten=\skip60
\treeoffseteleven=\skip61
\treeoffsettwelve=\skip62
\treeoffsetthirteen=\skip63
\treeoffsetfourteen=\skip64
\treeoffsetfifteen=\skip65
\treeoffsetsixteen=\skip66
\treeoffsetseventeen=\skip67
\treeoffseteighteen=\skip68
\treeoffsetnineteen=\skip69
\treeoffsettwenty=\skip70
\treeshiftone=\skip71
\treeshifttwo=\skip72
\treeshiftthree=\skip73
\treeshiftfour=\skip74
\treeshiftfive=\skip75
\treeshiftsix=\skip76
\treeshiftseven=\skip77
\treeshifteight=\skip78
\treeshiftnine=\skip79
\treeshiftten=\skip80
\treeshifteleven=\skip81
\treeshifttwelve=\skip82
\treeshiftthirteen=\skip83
\treeshiftfourteen=\skip84
\treeshiftfifteen=\skip85
\treeshiftsixteen=\skip86
\treeshiftseventeen=\skip87
\treeshifteighteen=\skip88
\treeshiftnineteen=\skip89
\treeshifttwenty=\skip90
\treewidthone=\skip91
\treewidthtwo=\skip92
\treewidththree=\skip93
\treewidthfour=\skip94
\treewidthfive=\skip95
\treewidthsix=\skip96
\treewidthseven=\skip97
\treewidtheight=\skip98
\treewidthnine=\skip99
\treewidthten=\skip100
\treewidtheleven=\skip101
\treewidthtwelve=\skip102
\treewidththirteen=\skip103
\treewidthfourteen=\skip104
\treewidthfifteen=\skip105
\treewidthsixteen=\skip106
\treewidthseventeen=\skip107
\treewidtheighteen=\skip108
\treewidthnineteen=\skip109
\treewidthtwenty=\skip110
\daughteroffsetone=\skip111
\daughteroffsettwo=\skip112
\daughteroffsetthree=\skip113
\daughteroffsetfour=\skip114
\branchwidthone=\skip115
\branchwidthtwo=\skip116
\branchwidththree=\skip117
\branchwidthfour=\skip118
\parentoffset=\skip119
\treeoffset=\skip120
\daughteroffset=\skip121
\branchwidth=\skip122
\parentwidth=\skip123
\treewidth=\skip124
\qta=\toks34
\qtb=\toks35
\nbranches=\count114
\qroofx=\count115
\qroofy=\count116
\@qrscratchbox=\box54
)
(./oz.sty
Package: oz 1995/10/03 2.41 Object Z macros
\c@mv@oz=\count117
LaTeX Font Info:    Overwriting math alphabet `\mathrm' in version `oz'
(Font)                  OT1/cmr/m/n --> OT1/cmr/m/n on input line 74.
LaTeX Font Info:    Overwriting math alphabet `\mathbf' in version `oz'
(Font)                  OT1/cmr/bx/n --> OT1/cmr/bx/n on input line 74.
LaTeX Font Info:    Overwriting math alphabet `\mathsf' in version `oz'
(Font)                  OT1/cmss/m/n --> OT1/cmss/m/n on input line 74.
\symitalics=\mathgroup6
LaTeX Font Info:    Redeclaring math alphabet \mathrm on input line 74.
LaTeX Font Info:    Redeclaring math alphabet \mathit on input line 74.
\symlasy=\mathgroup7
LaTeX Font Info:    Redeclaring symbol font `AMSa' on input line 74.
LaTeX Font Info:    Overwriting symbol font `AMSa' in version `normal'
(Font)                  U/msa/m/n --> U/msa/m/n on input line 74.
LaTeX Font Info:    Overwriting symbol font `AMSa' in version `bold'
(Font)                  U/msa/m/n --> U/msa/m/n on input line 74.
LaTeX Font Info:    Overwriting symbol font `AMSa' in version `oz'
(Font)                  U/msa/m/n --> U/msa/m/n on input line 74.
LaTeX Font Info:    Redeclaring symbol font `AMSb' on input line 74.
LaTeX Font Info:    Overwriting symbol font `AMSb' in version `normal'
(Font)                  U/msb/m/n --> U/msb/m/n on input line 74.
LaTeX Font Info:    Overwriting symbol font `AMSb' in version `bold'
(Font)                  U/msb/m/n --> U/msb/m/n on input line 74.
LaTeX Font Info:    Overwriting symbol font `AMSb' in version `oz'
(Font)                  U/msb/m/n --> U/msb/m/n on input line 74.
\strutbox@=\box55
\big@size=\dimen136
LaTeX Font Info:    Redeclaring math symbol \boxdot on input line 352.
LaTeX Font Info:    Redeclaring math symbol \boxplus on input line 352.
LaTeX Font Info:    Redeclaring math symbol \boxtimes on input line 352.
LaTeX Font Info:    Redeclaring math symbol \square on input line 352.
LaTeX Font Info:    Redeclaring math symbol \blacksquare on input line 352.
LaTeX Font Info:    Redeclaring math symbol \centerdot on input line 352.
LaTeX Font Info:    Redeclaring math symbol \lozenge on input line 352.
LaTeX Font Info:    Redeclaring math symbol \blacklozenge on input line 352.
LaTeX Font Info:    Redeclaring math symbol \circlearrowright on input line 352
.
LaTeX Font Info:    Redeclaring math symbol \circlearrowleft on input line 352.

LaTeX Font Info:    Redeclaring math symbol \leftrightharpoons on input line 35
2.
LaTeX Font Info:    Redeclaring math symbol \boxminus on input line 352.
LaTeX Font Info:    Redeclaring math symbol \Vdash on input line 352.
LaTeX Font Info:    Redeclaring math symbol \Vvdash on input line 352.
LaTeX Font Info:    Redeclaring math symbol \vDash on input line 352.
LaTeX Font Info:    Redeclaring math symbol \twoheadrightarrow on input line 35
2.
LaTeX Font Info:    Redeclaring math symbol \twoheadleftarrow on input line 352
.
LaTeX Font Info:    Redeclaring math symbol \leftleftarrows on input line 352.
LaTeX Font Info:    Redeclaring math symbol \rightrightarrows on input line 352
.
LaTeX Font Info:    Redeclaring math symbol \upuparrows on input line 352.
LaTeX Font Info:    Redeclaring math symbol \downdownarrows on input line 352.
LaTeX Font Info:    Redeclaring math symbol \upharpoonright on input line 352.
LaTeX Font Info:    Redeclaring math symbol \downharpoonright on input line 352
.
LaTeX Font Info:    Redeclaring math symbol \upharpoonleft on input line 352.
LaTeX Font Info:    Redeclaring math symbol \downharpoonleft on input line 352.

LaTeX Font Info:    Redeclaring math symbol \rightarrowtail on input line 352.
LaTeX Font Info:    Redeclaring math symbol \leftarrowtail on input line 352.
LaTeX Font Info:    Redeclaring math symbol \leftrightarrows on input line 352.

LaTeX Font Info:    Redeclaring math symbol \rightleftarrows on input line 352.

LaTeX Font Info:    Redeclaring math symbol \Lsh on input line 352.
LaTeX Font Info:    Redeclaring math symbol \Rsh on input line 352.
LaTeX Font Info:    Redeclaring math symbol \rightsquigarrow on input line 352.

LaTeX Font Info:    Redeclaring math symbol \leftrightsquigarrow on input line 
352.
LaTeX Font Info:    Redeclaring math symbol \looparrowleft on input line 352.
LaTeX Font Info:    Redeclaring math symbol \looparrowright on input line 352.
LaTeX Font Info:    Redeclaring math symbol \circeq on input line 352.
LaTeX Font Info:    Redeclaring math symbol \succsim on input line 352.
LaTeX Font Info:    Redeclaring math symbol \gtrsim on input line 352.
LaTeX Font Info:    Redeclaring math symbol \gtrapprox on input line 352.
LaTeX Font Info:    Redeclaring math symbol \multimap on input line 352.
LaTeX Font Info:    Redeclaring math symbol \therefore on input line 352.
LaTeX Font Info:    Redeclaring math symbol \because on input line 352.
LaTeX Font Info:    Redeclaring math symbol \doteqdot on input line 352.
LaTeX Font Info:    Redeclaring math symbol \triangleq on input line 352.
LaTeX Font Info:    Redeclaring math symbol \precsim on input line 352.
LaTeX Font Info:    Redeclaring math symbol \lesssim on input line 352.
LaTeX Font Info:    Redeclaring math symbol \lessapprox on input line 352.
LaTeX Font Info:    Redeclaring math symbol \eqslantless on input line 352.
LaTeX Font Info:    Redeclaring math symbol \eqslantgtr on input line 352.
LaTeX Font Info:    Redeclaring math symbol \curlyeqprec on input line 352.
LaTeX Font Info:    Redeclaring math symbol \curlyeqsucc on input line 352.
LaTeX Font Info:    Redeclaring math symbol \preccurlyeq on input line 352.
LaTeX Font Info:    Redeclaring math symbol \leqq on input line 352.
LaTeX Font Info:    Redeclaring math symbol \leqslant on input line 352.
LaTeX Font Info:    Redeclaring math symbol \lessgtr on input line 352.
LaTeX Font Info:    Redeclaring math symbol \backprime on input line 352.
LaTeX Font Info:    Redeclaring math symbol \risingdotseq on input line 352.
LaTeX Font Info:    Redeclaring math symbol \fallingdotseq on input line 352.
LaTeX Font Info:    Redeclaring math symbol \succcurlyeq on input line 352.
LaTeX Font Info:    Redeclaring math symbol \geqq on input line 352.
LaTeX Font Info:    Redeclaring math symbol \geqslant on input line 352.
LaTeX Font Info:    Redeclaring math symbol \gtrless on input line 352.
LaTeX Font Info:    Redeclaring math symbol \sqsubset on input line 352.
LaTeX Font Info:    Redeclaring math symbol \sqsupset on input line 352.
LaTeX Font Info:    Redeclaring math symbol \vartriangleright on input line 352
.
LaTeX Font Info:    Redeclaring math symbol \vartriangleleft on input line 352.

LaTeX Font Info:    Redeclaring math symbol \trianglerighteq on input line 352.

LaTeX Font Info:    Redeclaring math symbol \trianglelefteq on input line 352.
LaTeX Font Info:    Redeclaring math symbol \bigstar on input line 352.
LaTeX Font Info:    Redeclaring math symbol \between on input line 352.
LaTeX Font Info:    Redeclaring math symbol \blacktriangledown on input line 35
2.
LaTeX Font Info:    Redeclaring math symbol \blacktriangleright on input line 3
52.
LaTeX Font Info:    Redeclaring math symbol \blacktriangleleft on input line 35
2.
LaTeX Font Info:    Redeclaring math symbol \vartriangle on input line 352.
LaTeX Font Info:    Redeclaring math symbol \blacktriangle on input line 352.
LaTeX Font Info:    Redeclaring math symbol \triangledown on input line 352.
LaTeX Font Info:    Redeclaring math symbol \eqcirc on input line 352.
LaTeX Font Info:    Redeclaring math symbol \lesseqgtr on input line 352.
LaTeX Font Info:    Redeclaring math symbol \gtreqless on input line 352.
LaTeX Font Info:    Redeclaring math symbol \lesseqqgtr on input line 352.
LaTeX Font Info:    Redeclaring math symbol \gtreqqless on input line 352.
LaTeX Font Info:    Redeclaring math symbol \Rrightarrow on input line 352.
LaTeX Font Info:    Redeclaring math symbol \Lleftarrow on input line 352.
LaTeX Font Info:    Redeclaring math symbol \veebar on input line 352.
LaTeX Font Info:    Redeclaring math symbol \barwedge on input line 352.
LaTeX Font Info:    Redeclaring math symbol \doublebarwedge on input line 352.
LaTeX Font Info:    Redeclaring math symbol \measuredangle on input line 352.
LaTeX Font Info:    Redeclaring math symbol \sphericalangle on input line 352.
LaTeX Font Info:    Redeclaring math symbol \varpropto on input line 352.
LaTeX Font Info:    Redeclaring math symbol \smallsmile on input line 352.
LaTeX Font Info:    Redeclaring math symbol \smallfrown on input line 352.
LaTeX Font Info:    Redeclaring math symbol \Subset on input line 352.
LaTeX Font Info:    Redeclaring math symbol \Supset on input line 352.
LaTeX Font Info:    Redeclaring math symbol \Cup on input line 352.
LaTeX Font Info:    Redeclaring math symbol \Cap on input line 352.
LaTeX Font Info:    Redeclaring math symbol \curlywedge on input line 352.
LaTeX Font Info:    Redeclaring math symbol \curlyvee on input line 352.
LaTeX Font Info:    Redeclaring math symbol \leftthreetimes on input line 352.
LaTeX Font Info:    Redeclaring math symbol \rightthreetimes on input line 352.

LaTeX Font Info:    Redeclaring math symbol \subseteqq on input line 352.
LaTeX Font Info:    Redeclaring math symbol \supseteqq on input line 352.
LaTeX Font Info:    Redeclaring math symbol \bumpeq on input line 352.
LaTeX Font Info:    Redeclaring math symbol \Bumpeq on input line 352.
LaTeX Font Info:    Redeclaring math symbol \lll on input line 352.
LaTeX Font Info:    Redeclaring math symbol \ggg on input line 352.
LaTeX Font Info:    Redeclaring math delimiter \ulcorner on input line 352.
LaTeX Font Info:    Redeclaring math delimiter \urcorner on input line 352.
LaTeX Font Info:    Redeclaring math delimiter \llcorner on input line 352.
LaTeX Font Info:    Redeclaring math delimiter \lrcorner on input line 352.
LaTeX Font Info:    Redeclaring math symbol \circledS on input line 352.
LaTeX Font Info:    Redeclaring math symbol \pitchfork on input line 352.
LaTeX Font Info:    Redeclaring math symbol \dotplus on input line 352.
LaTeX Font Info:    Redeclaring math symbol \backsim on input line 352.
LaTeX Font Info:    Redeclaring math symbol \backsimeq on input line 352.
LaTeX Font Info:    Redeclaring math symbol \complement on input line 352.
LaTeX Font Info:    Redeclaring math symbol \intercal on input line 352.
LaTeX Font Info:    Redeclaring math symbol \circledcirc on input line 352.
LaTeX Font Info:    Redeclaring math symbol \circledast on input line 352.
LaTeX Font Info:    Redeclaring math symbol \circleddash on input line 352.
LaTeX Font Info:    Redeclaring math symbol \lvertneqq on input line 352.
LaTeX Font Info:    Redeclaring math symbol \gvertneqq on input line 352.
LaTeX Font Info:    Redeclaring math symbol \nleq on input line 352.
LaTeX Font Info:    Redeclaring math symbol \ngeq on input line 352.
LaTeX Font Info:    Redeclaring math symbol \nless on input line 352.
LaTeX Font Info:    Redeclaring math symbol \ngtr on input line 352.
LaTeX Font Info:    Redeclaring math symbol \nprec on input line 352.
LaTeX Font Info:    Redeclaring math symbol \nsucc on input line 352.
LaTeX Font Info:    Redeclaring math symbol \lneqq on input line 352.
LaTeX Font Info:    Redeclaring math symbol \gneqq on input line 352.
LaTeX Font Info:    Redeclaring math symbol \nleqslant on input line 352.
LaTeX Font Info:    Redeclaring math symbol \ngeqslant on input line 352.
LaTeX Font Info:    Redeclaring math symbol \lneq on input line 352.
LaTeX Font Info:    Redeclaring math symbol \gneq on input line 352.
LaTeX Font Info:    Redeclaring math symbol \npreceq on input line 352.
LaTeX Font Info:    Redeclaring math symbol \nsucceq on input line 352.
LaTeX Font Info:    Redeclaring math symbol \precnsim on input line 352.
LaTeX Font Info:    Redeclaring math symbol \succnsim on input line 352.
LaTeX Font Info:    Redeclaring math symbol \lnsim on input line 352.
LaTeX Font Info:    Redeclaring math symbol \gnsim on input line 352.
LaTeX Font Info:    Redeclaring math symbol \nleqq on input line 352.
LaTeX Font Info:    Redeclaring math symbol \ngeqq on input line 352.
LaTeX Font Info:    Redeclaring math symbol \precneqq on input line 352.
LaTeX Font Info:    Redeclaring math symbol \succneqq on input line 352.
LaTeX Font Info:    Redeclaring math symbol \precnapprox on input line 352.
LaTeX Font Info:    Redeclaring math symbol \succnapprox on input line 352.
LaTeX Font Info:    Redeclaring math symbol \lnapprox on input line 352.
LaTeX Font Info:    Redeclaring math symbol \gnapprox on input line 352.
LaTeX Font Info:    Redeclaring math symbol \nsim on input line 352.
LaTeX Font Info:    Redeclaring math symbol \ncong on input line 352.
LaTeX Font Info:    Redeclaring math symbol \nsubseteqq on input line 352.
LaTeX Font Info:    Redeclaring math symbol \nsupseteqq on input line 352.
LaTeX Font Info:    Redeclaring math symbol \subsetneqq on input line 352.
LaTeX Font Info:    Redeclaring math symbol \supsetneqq on input line 352.
LaTeX Font Info:    Redeclaring math symbol \subsetneq on input line 352.
LaTeX Font Info:    Redeclaring math symbol \supsetneq on input line 352.
LaTeX Font Info:    Redeclaring math symbol \nsubseteq on input line 352.
LaTeX Font Info:    Redeclaring math symbol \nsupseteq on input line 352.
LaTeX Font Info:    Redeclaring math symbol \nparallel on input line 352.
LaTeX Font Info:    Redeclaring math symbol \nmid on input line 352.
LaTeX Font Info:    Redeclaring math symbol \nshortmid on input line 352.
LaTeX Font Info:    Redeclaring math symbol \nshortparallel on input line 352.
LaTeX Font Info:    Redeclaring math symbol \nvdash on input line 352.
LaTeX Font Info:    Redeclaring math symbol \nVdash on input line 352.
LaTeX Font Info:    Redeclaring math symbol \nvDash on input line 352.
LaTeX Font Info:    Redeclaring math symbol \nVDash on input line 352.
LaTeX Font Info:    Redeclaring math symbol \ntrianglerighteq on input line 352
.
LaTeX Font Info:    Redeclaring math symbol \ntrianglelefteq on input line 352.

LaTeX Font Info:    Redeclaring math symbol \ntriangleleft on input line 352.
LaTeX Font Info:    Redeclaring math symbol \ntriangleright on input line 352.
LaTeX Font Info:    Redeclaring math symbol \nleftarrow on input line 352.
LaTeX Font Info:    Redeclaring math symbol \nrightarrow on input line 352.
LaTeX Font Info:    Redeclaring math symbol \nLeftarrow on input line 352.
LaTeX Font Info:    Redeclaring math symbol \nRightarrow on input line 352.
LaTeX Font Info:    Redeclaring math symbol \nLeftrightarrow on input line 352.

LaTeX Font Info:    Redeclaring math symbol \nleftrightarrow on input line 352.

LaTeX Font Info:    Redeclaring math symbol \divideontimes on input line 352.
LaTeX Font Info:    Redeclaring math symbol \varnothing on input line 352.
LaTeX Font Info:    Redeclaring math symbol \mho on input line 352.
LaTeX Font Info:    Redeclaring math symbol \eth on input line 352.
LaTeX Font Info:    Redeclaring math symbol \eqsim on input line 352.
LaTeX Font Info:    Redeclaring math symbol \beth on input line 352.
LaTeX Font Info:    Redeclaring math symbol \gimel on input line 352.
LaTeX Font Info:    Redeclaring math symbol \daleth on input line 352.
LaTeX Font Info:    Redeclaring math symbol \lessdot on input line 352.
LaTeX Font Info:    Redeclaring math symbol \gtrdot on input line 352.
LaTeX Font Info:    Redeclaring math symbol \ltimes on input line 352.
LaTeX Font Info:    Redeclaring math symbol \rtimes on input line 352.
LaTeX Font Info:    Redeclaring math symbol \shortmid on input line 352.
LaTeX Font Info:    Redeclaring math symbol \shortparallel on input line 352.
LaTeX Font Info:    Redeclaring math symbol \smallsetminus on input line 352.
LaTeX Font Info:    Redeclaring math symbol \thicksim on input line 352.
LaTeX Font Info:    Redeclaring math symbol \thickapprox on input line 352.
LaTeX Font Info:    Redeclaring math symbol \approxeq on input line 352.
LaTeX Font Info:    Redeclaring math symbol \succapprox on input line 352.
LaTeX Font Info:    Redeclaring math symbol \precapprox on input line 352.
LaTeX Font Info:    Redeclaring math symbol \curvearrowleft on input line 352.
LaTeX Font Info:    Redeclaring math symbol \curvearrowright on input line 352.

LaTeX Font Info:    Redeclaring math symbol \digamma on input line 352.
LaTeX Font Info:    Redeclaring math symbol \varkappa on input line 352.
LaTeX Font Info:    Redeclaring math symbol \hslash on input line 352.
LaTeX Font Info:    Redeclaring math symbol \hbar on input line 352.
LaTeX Font Info:    Redeclaring math symbol \backepsilon on input line 352.
\z@combox=\box56
\z@wdcalc=\dimen137
\z@stackmin=\count118
\z@stackmax=\count119
\z@stacktop=\count120
\@gtempa=\dimen138
\@gtempa=\dimen139
\@gtempa=\dimen140
\@gtempa=\dimen141
\@gtempa=\dimen142
\@gtempa=\dimen143
\@gtempa=\dimen144
\@gtempa=\dimen145
\@gtempa=\dimen146
\@gtempa=\dimen147
\@gtempa=\dimen148
\@gtempa=\dimen149
\@gtempa=\dimen150
\@gtempa=\dimen151
\@gtempa=\dimen152
\@gtempa=\dimen153
\@gtempa=\dimen154
\@gtempa=\dimen155
\@gtempa=\dimen156
\@gtempa=\dimen157
\@gtempa=\dimen158
\@gtempa=\dimen159
\@gtempa=\dimen160
\@gtempa=\dimen161
\@gtempa=\dimen162
\@gtempa=\dimen163
\@gtempa=\dimen164
\@gtempa=\dimen165
\@gtempa=\dimen166
\@gtempa=\dimen167
\@gtempa=\dimen168
\@gtempa=\dimen169
\@gtempa=\dimen170
\@gtempa=\dimen171
\@gtempa=\dimen172
\@gtempa=\dimen173
\@gtempa=\dimen174
\@gtempa=\dimen175
\@gtempa=\dimen176
\@gtempa=\dimen177
\@gtempa=\dimen178
\@gtempa=\dimen179
\@gtempa=\dimen180
\@gtempa=\dimen181
\@gtempa=\dimen182
\@gtempa=\dimen183
\@gtempa=\dimen184
\@gtempa=\dimen185
\@gtempa=\dimen186
\@gtempa=\dimen187
\z@curline=\box57
\z@curindent=\dimen188
\z@curfield=\box58
\zedindent=\dimen189
\zedleftsep=\dimen190
\zedtab=\dimen191
\zedbar=\dimen192
\zedlinethickness=\dimen193
\zedcornerheight=\dimen194
\z@cols=\count121
\zedbaselineskip=\skip125
\zstrutbox=\box59
\interzedlinepenalty=\count122
\preboxpenalty=\count123
\forcepagepenalty=\count124
\z@adskip=\skip126
\z@bdskip=\skip127
\z@adsskip=\skip128
\z@bdsskip=\skip129
\z@temp=\dimen195
) (/usr/local/texlive/2018/texmf-dist/tex/latex/titlepic/titlepic.sty
Package: titlepic 2017/03/14 1.2 Package to display a picture on the title page

) (/usr/local/texlive/2018/texmf-dist/tex/latex/fancyvrb/fancyvrb.sty
Package: fancyvrb 2008/02/07

Style option: `fancyvrb' v2.7a, with DG/SPQR fixes, and firstline=lastline fix 
<2008/02/07> (tvz)
\FV@CodeLineNo=\count125
\FV@InFile=\read2
\FV@TabBox=\box60
\c@FancyVerbLine=\count126
\FV@StepNumber=\count127
\FV@OutFile=\write3
) (./object-z-specification.aux)
\openout1 = `object-z-specification.aux'.

LaTeX Font Info:    Checking defaults for OML/cmm/m/it on input line 22.
LaTeX Font Info:    ... okay on input line 22.
LaTeX Font Info:    Checking defaults for T1/cmr/m/n on input line 22.
LaTeX Font Info:    ... okay on input line 22.
LaTeX Font Info:    Checking defaults for OT1/cmr/m/n on input line 22.
LaTeX Font Info:    ... okay on input line 22.
LaTeX Font Info:    Checking defaults for OMS/cmsy/m/n on input line 22.
LaTeX Font Info:    ... okay on input line 22.
LaTeX Font Info:    Checking defaults for OMX/cmex/m/n on input line 22.
LaTeX Font Info:    ... okay on input line 22.
LaTeX Font Info:    Checking defaults for U/cmr/m/n on input line 22.
LaTeX Font Info:    ... okay on input line 22.

*geometry* driver: auto-detecting
*geometry* detected driver: pdftex
*geometry* verbose mode - [ preamble ] result:
* driver: pdftex
* paper: <default>
* layout: <same size as paper>
* layoutoffset:(h,v)=(0.0pt,0.0pt)
* modes: 
* h-part:(L,W,R)=(72.26999pt, 469.75502pt, 72.26999pt)
* v-part:(T,H,B)=(72.26999pt, 650.43001pt, 72.26999pt)
* \paperwidth=614.295pt
* \paperheight=794.96999pt
* \textwidth=469.75502pt
* \textheight=650.43001pt
* \oddsidemargin=0.0pt
* \evensidemargin=0.0pt
* \topmargin=-37.0pt
* \headheight=12.0pt
* \headsep=25.0pt
* \topskip=12.0pt
* \footskip=30.0pt
* \marginparwidth=44.0pt
* \marginparsep=10.0pt
* \columnsep=10.0pt
* \skip\footins=10.8pt plus 4.0pt minus 2.0pt
* \hoffset=0.0pt
* \voffset=0.0pt
* \mag=1000
* \@twocolumnfalse
* \@twosidefalse
* \@mparswitchfalse
* \@reversemarginfalse
* (1in=72.27pt=25.4mm, 1cm=28.453pt)

(/usr/local/texlive/2018/texmf-dist/tex/context/base/mkii/supp-pdf.mkii
[Loading MPS to PDF converter (version 2006.09.02).]
\scratchcounter=\count128
\scratchdimen=\dimen196
\scratchbox=\box61
\nofMPsegments=\count129
\nofMParguments=\count130
\everyMPshowfont=\toks36
\MPscratchCnt=\count131
\MPscratchDim=\dimen197
\MPnumerator=\count132
\makeMPintoPDFobject=\count133
\everyMPtoPDFconversion=\toks37
) (/usr/local/texlive/2018/texmf-dist/tex/latex/oberdiek/epstopdf-base.sty
Package: epstopdf-base 2016/05/15 v2.6 Base part for package epstopdf

(/usr/local/texlive/2018/texmf-dist/tex/generic/oberdiek/infwarerr.sty
Package: infwarerr 2016/05/16 v1.4 Providing info/warning/error messages (HO)
)
(/usr/local/texlive/2018/texmf-dist/tex/latex/oberdiek/grfext.sty
Package: grfext 2016/05/16 v1.2 Manage graphics extensions (HO)

(/usr/local/texlive/2018/texmf-dist/tex/generic/oberdiek/kvdefinekeys.sty
Package: kvdefinekeys 2016/05/16 v1.4 Define keys (HO)

(/usr/local/texlive/2018/texmf-dist/tex/generic/oberdiek/ltxcmds.sty
Package: ltxcmds 2016/05/16 v1.23 LaTeX kernel commands for general use (HO)
)))
(/usr/local/texlive/2018/texmf-dist/tex/latex/oberdiek/kvoptions.sty
Package: kvoptions 2016/05/16 v3.12 Key value format for package options (HO)

(/usr/local/texlive/2018/texmf-dist/tex/generic/oberdiek/kvsetkeys.sty
Package: kvsetkeys 2016/05/16 v1.17 Key value parser (HO)

(/usr/local/texlive/2018/texmf-dist/tex/generic/oberdiek/etexcmds.sty
Package: etexcmds 2016/05/16 v1.6 Avoid name clashes with e-TeX commands (HO)

(/usr/local/texlive/2018/texmf-dist/tex/generic/oberdiek/ifluatex.sty
Package: ifluatex 2016/05/16 v1.4 Provides the ifluatex switch (HO)
Package ifluatex Info: LuaTeX not detected.
)
Package etexcmds Info: Could not find \expanded.
(etexcmds)             That can mean that you are not using pdfTeX 1.50 or
(etexcmds)             that some package has redefined \expanded.
(etexcmds)             In the latter case, load this package earlier.
)))
(/usr/local/texlive/2018/texmf-dist/tex/generic/oberdiek/pdftexcmds.sty
Package: pdftexcmds 2018/01/30 v0.27 Utility functions of pdfTeX for LuaTeX (HO
)
Package pdftexcmds Info: LuaTeX not detected.
Package pdftexcmds Info: \pdf@primitive is available.
Package pdftexcmds Info: \pdf@ifprimitive is available.
Package pdftexcmds Info: \pdfdraftmode found.
)
Package epstopdf-base Info: Redefining graphics rule for `.eps' on input line 4
38.
Package grfext Info: Graphics extension search list:
(grfext)             [.pdf,.png,.jpg,.mps,.jpeg,.jbig2,.jb2,.PDF,.PNG,.JPG,.JPE
G,.JBIG2,.JB2,.eps]
(grfext)             \AppendGraphicsExtensions on input line 456.

(/usr/local/texlive/2018/texmf-dist/tex/latex/latexconfig/epstopdf-sys.cfg
File: epstopdf-sys.cfg 2010/07/13 v1.3 Configuration of (r)epstopdf for TeX Liv
e
))
\c@lstlisting=\count134
LaTeX Font Info:    Try loading font information for U+msa on input line 25.

(/usr/local/texlive/2018/texmf-dist/tex/latex/amsfonts/umsa.fd
File: umsa.fd 2013/01/14 v3.01 AMS symbols A
)
LaTeX Font Info:    Try loading font information for U+msb on input line 25.

(/usr/local/texlive/2018/texmf-dist/tex/latex/amsfonts/umsb.fd
File: umsb.fd 2013/01/14 v3.01 AMS symbols B
)
LaTeX Font Info:    Try loading font information for U+lasy on input line 25.

(/usr/local/texlive/2018/texmf-dist/tex/latex/base/ulasy.fd
File: ulasy.fd 1998/08/17 v2.2e LaTeX symbol font definitions
) [1

{/usr/local/texlive/2018/texmf-var/fonts/map/pdftex/updmap/pdftex.map}]
! Misplaced \crcr.
\also ->\crcr 
              \noalign {\vskip \jot }
l.30 \also
          
? r
OK, entering \nonstopmode...
! Misplaced \noalign.
\also ->\crcr \noalign 
                       {\vskip \jot }
l.30 \also
          
I expect to see \noalign only after the \cr of
an alignment. Proceed, and I'll ignore this case.

! Missing $ inserted.
<inserted text> 
                $
l.32 Point == Coordinate \times
                                Coordinate \\
I've inserted a begin-math/end-math symbol since I think
you left one out. Proceed, with fingers crossed.

! Misplaced \crcr.
\also ->\crcr 
              \noalign {\vskip \jot }
l.34 \also
          
I can't figure out why you would want to use a tab mark
or \cr or \span just now. If something like a right brace
up above has ended a previous alignment prematurely,
you're probably due for more error messages, and you
might try typing `S' now just to see what is salvageable.

! Misplaced \noalign.
\also ->\crcr \noalign 
                       {\vskip \jot }
l.34 \also
          
I expect to see \noalign only after the \cr of
an alignment. Proceed, and I'll ignore this case.

! Missing $ inserted.
<inserted text> 
                $
l.34 \also
          
I've inserted a begin-math/end-math symbol since I think
you left one out. Proceed, with fingers crossed.

! Missing } inserted.
<inserted text> 
                }
l.34 \also
          
I've inserted something that you may have forgotten.
(See the <inserted text> above.)
With luck, this will get me unwedged. But if you
really didn't forget anything, try typing `2' now; then
my insertion and my current dilemma will both disappear.

! Extra }, or forgotten \endgroup.
<recently read> }
                 
l.34 \also
          
I've deleted a group-closing symbol because it seems to be
spurious, as in `$x}$'. But perhaps the } is legitimate and
you forgot something else, as in `\hbox{$x}'. In such cases
the way to recover is to insert both the forgotten and the
deleted material, e.g., by typing `I$}'.

! Missing $ inserted.
<inserted text> 
                $
l.81 
     
I've inserted a begin-math/end-math symbol since I think
you left one out. Proceed, with fingers crossed.

! Extra }, or forgotten $.
\z@stopfield ->\egroup 
                       
l.89 \end{op}\\
               
I've deleted a group-closing symbol because it seems to be
spurious, as in `$x}$'. But perhaps the } is legitimate and
you forgot something else, as in `\hbox{$x}'. In such cases
the way to recover is to insert both the forgotten and the
deleted material, e.g., by typing `I$}'.

! Missing $ inserted.
<inserted text> 
                $
l.89 \end{op}\\
               
I've inserted a begin-math/end-math symbol since I think
you left one out. Proceed, with fingers crossed.

! Missing } inserted.
<inserted text> 
                }
l.89 \end{op}\\
               
I've inserted something that you may have forgotten.
(See the <inserted text> above.)
With luck, this will get me unwedged. But if you
really didn't forget anything, try typing `2' now; then
my insertion and my current dilemma will both disappear.

! Missing $ inserted.
<inserted text> 
                $
l.98 AddLocation ~$\stackrel{\wedge}{=}
                                       $ (AddLocationOk \land Sucess ) \lor ...
I've inserted a begin-math/end-math symbol since I think
you left one out. Proceed, with fingers crossed.

! Missing $ inserted.
<inserted text> 
                $
l.98 ...\stackrel{\wedge}{=}$ (AddLocationOk \land
                                                   Sucess ) \lor LocationAlr...
I've inserted a begin-math/end-math symbol since I think
you left one out. Proceed, with fingers crossed.

! Missing $ inserted.
<inserted text> 
                $
l.100 DeleteLocation ~$\stackrel{\wedge}{=}
                                           $ (DeleteLocationOK \land Sucess ...
I've inserted a begin-math/end-math symbol since I think
you left one out. Proceed, with fingers crossed.

! Missing $ inserted.
<inserted text> 
                $
l.100 ...ckrel{\wedge}{=}$ (DeleteLocationOK \land
                                                   Sucess ) \lor NoLocationF...
I've inserted a begin-math/end-math symbol since I think
you left one out. Proceed, with fingers crossed.

! Missing $ inserted.
<inserted text> 
                $
l.102 ModifyLocation ~$\stackrel{\wedge}{=}
                                           $ (ModifyLocationOK \land Sucess ...
I've inserted a begin-math/end-math symbol since I think
you left one out. Proceed, with fingers crossed.

! Missing $ inserted.
<inserted text> 
                $
l.102 ...ckrel{\wedge}{=}$ (ModifyLocationOK \land
                                                   Sucess ) \lor NoLocationF...
I've inserted a begin-math/end-math symbol since I think
you left one out. Proceed, with fingers crossed.

! Missing $ inserted.
<inserted text> 
                $
l.104 FindLocation ~$\stackrel{\wedge}{=}
                                         $ (FindLocationOK \land Sucess ) \l...
I've inserted a begin-math/end-math symbol since I think
you left one out. Proceed, with fingers crossed.

! Missing $ inserted.
<inserted text> 
                $
l.104 ...tackrel{\wedge}{=}$ (FindLocationOK \land
                                                   Sucess ) \lor NoLocationF...
I've inserted a begin-math/end-math symbol since I think
you left one out. Proceed, with fingers crossed.

[2]
! Misplaced \crcr.
\also ->\crcr 
              \noalign {\vskip \jot }
l.106 \znewpage
               
I can't figure out why you would want to use a tab mark
or \cr or \span just now. If something like a right brace
up above has ended a previous alignment prematurely,
you're probably due for more error messages, and you
might try typing `S' now just to see what is salvageable.

! Misplaced \noalign.
\also ->\crcr \noalign 
                       {\vskip \jot }
l.106 \znewpage
               
I expect to see \noalign only after the \cr of
an alignment. Proceed, and I'll ignore this case.

! Misplaced \noalign.
\znewpage ->\also \noalign 
                           {\penalty \forcepagepenalty }\also 
l.106 \znewpage
               
I expect to see \noalign only after the \cr of
an alignment. Proceed, and I'll ignore this case.

[3]
! Misplaced \crcr.
\also ->\crcr 
              \noalign {\vskip \jot }
l.106 \znewpage
               
I can't figure out why you would want to use a tab mark
or \cr or \span just now. If something like a right brace
up above has ended a previous alignment prematurely,
you're probably due for more error messages, and you
might try typing `S' now just to see what is salvageable.

! Misplaced \noalign.
\also ->\crcr \noalign 
                       {\vskip \jot }
l.106 \znewpage
               
I expect to see \noalign only after the \cr of
an alignment. Proceed, and I'll ignore this case.

[4] (./object-z-specification.aux) ) 
Here is how much of TeX's memory you used:
 5589 strings out of 492649
 74622 string characters out of 6129622
 163242 words of memory out of 5000000
 9370 multiletter control sequences out of 15000+600000
 14822 words of font info for 59 fonts, out of 8000000 for 9000
 1141 hyphenation exceptions out of 8191
 41i,21n,32p,289b,338s stack positions out of 5000i,500n,10000p,200000b,80000s
</usr/local/texlive/2018/texmf-dist/fonts/t
ype1/public/amsfonts/cm/cmbx12.pfb></usr/local/texlive/2018/texmf-dist/fonts/ty
pe1/public/amsfonts/cm/cmmi12.pfb></usr/local/texlive/2018/texmf-dist/fonts/typ
e1/public/amsfonts/cm/cmr12.pfb></usr/local/texlive/2018/texmf-dist/fonts/type1
/public/amsfonts/cm/cmr17.pfb></usr/local/texlive/2018/texmf-dist/fonts/type1/p
ublic/amsfonts/cm/cmsy10.pfb></usr/local/texlive/2018/texmf-dist/fonts/type1/pu
blic/amsfonts/cm/cmsy8.pfb></usr/local/texlive/2018/texmf-dist/fonts/type1/publ
ic/amsfonts/cm/cmti10.pfb></usr/local/texlive/2018/texmf-dist/fonts/type1/publi
c/amsfonts/cm/cmti12.pfb></usr/local/texlive/2018/texmf-dist/fonts/type1/public
/amsfonts/symbols/msbm10.pfb>
Output written on object-z-specification.pdf (4 pages, 92315 bytes).
PDF statistics:
 53 PDF objects out of 1000 (max. 8388607)
 37 compressed objects within 1 object stream
 0 named destinations out of 1000 (max. 500000)
 1 words of extra memory for PDF output out of 10000 (max. 10000000)

